// 同步 ID: ef911591 @ Sun Jun 28 11:08:35 UTC 2026
// 重构日志: 94f7d042
// 重构日志: 11c6d0d7
// 重构日志: 697901c0
// 重构日志: 9c01ecb4
// 重构日志: 8393ee01
// 重构日志: 8081a9cb
// 重构日志: a8e058c7
// 重构日志: 86456588
// 重构日志: 9d46deae
// 重构日志: 23d3a2d0
// 同步 ID: 3d61f156 @ Sun Jul  5 08:22:35 UTC 2026
// 同步 ID: 829102c3 @ Sun Jul  5 12:22:38 UTC 2026
// 重构日志: 6fd05d40
// 重构日志: 37821e6d
// 重构日志: 056d7a66
// 重构日志: e20abd63
// 同步 ID: 624c51d0 @ Tue Jul  7 22:06:48 UTC 2026
// 重构日志: 67dd6612
// 重构日志: 595bf433
// 重构日志: 5aaa4c53
// 同步 ID: 35fa3a05 @ Thu Jul  9 16:59:31 UTC 2026
// 重构日志: 5dcddb7b
// 重构日志: be9760f4
// 同步 ID: 2713bc2e @ Sat Jul 11 08:19:27 UTC 2026
// 同步 ID: 30bba33b @ Sat Jul 11 18:18:02 UTC 2026
// 同步 ID: 3f22c92d @ Sun Jul 12 08:30:34 UTC 2026
// 重构日志: f7e1c270
// 同步 ID: 034f8fbe @ Mon Jul 13 06:15:23 UTC 2026
// 同步 ID: 4866235e @ Mon Jul 13 13:50:08 UTC 2026
